2026-06-18 12:36:42.651 [info] Reading sessions from keychain...
2026-06-18 12:36:42.651 [info] Getting sessions for all scopes...
2026-06-18 12:36:42.651 [info] Got 0 sessions for ...
2026-06-18 12:36:42.651 [info] Getting sessions for all scopes...
2026-06-18 12:36:42.651 [info] Got 0 sessions for ...
2026-06-18 12:36:42.651 [info] Getting sessions for all scopes...
2026-06-18 12:36:42.651 [info] Got 0 sessions for ...
2026-06-18 12:36:42.651 [info] Getting sessions for all scopes...
2026-06-18 12:36:42.651 [info] Got 0 sessions for ...
2026-06-18 12:36:42.651 [info] Getting sessions for all scopes...
2026-06-18 12:36:42.651 [info] Got 0 sessions for ...
2026-06-18 12:36:42.724 [info] Getting sessions for read:user,repo,user:email,workflow...
2026-06-18 12:36:42.724 [info] Got 0 sessions for read:user,repo,user:email,workflow...
2026-06-18 12:36:46.522 [info] Logging in with 'any' account...
2026-06-18 12:36:46.522 [info] Logging in for the following scopes: read:user repo user:email workflow
2026-06-18 12:36:46.677 [info] Trying device code flow... (read:user repo user:email workflow)
2026-06-18 12:37:51.275 [info] Getting user info...
2026-06-18 12:37:51.811 [info] Got account info!
2026-06-18 12:37:51.812 [info] Storing 1 sessions...
2026-06-18 12:37:51.890 [info] Reading sessions from keychain...
2026-06-18 12:37:51.890 [info] Stored 1 sessions!
2026-06-18 12:37:51.890 [info] Login success!
2026-06-18 12:37:51.974 [info] Got stored sessions!
2026-06-18 12:37:51.974 [info] Got 1 verified sessions.
